2018-05-14 17:39:37,432 INFO o.a.j.u.JMeterUtils: Setting Locale to en_GB
2018-05-14 17:39:37,489 INFO o.a.j.JMeter: Loading user properties from: user.properties
2018-05-14 17:39:37,491 INFO o.a.j.JMeter: Loading system properties from: system.properties
2018-05-14 17:39:37,506 INFO o.a.j.JMeter: Copyright (c) 1998-2017 The Apache Software Foundation
2018-05-14 17:39:37,507 INFO o.a.j.JMeter: Version 3.2 r1790748
2018-05-14 17:39:37,507 INFO o.a.j.JMeter: java.version=10
2018-05-14 17:39:37,507 INFO o.a.j.JMeter: java.vm.name=Java HotSpot(TM) 64-Bit Server VM
2018-05-14 17:39:37,507 INFO o.a.j.JMeter: os.name=Windows 10
2018-05-14 17:39:37,507 INFO o.a.j.JMeter: os.arch=amd64
2018-05-14 17:39:37,507 INFO o.a.j.JMeter: os.version=10.0
2018-05-14 17:39:37,507 INFO o.a.j.JMeter: file.encoding=Cp1252
2018-05-14 17:39:37,507 INFO o.a.j.JMeter: Max memory     =4259315712
2018-05-14 17:39:37,508 INFO o.a.j.JMeter: Available Processors =4
2018-05-14 17:39:37,522 INFO o.a.j.JMeter: Default Locale=English (United Kingdom)
2018-05-14 17:39:37,522 INFO o.a.j.JMeter: JMeter  Locale=English (United Kingdom)
2018-05-14 17:39:37,522 INFO o.a.j.JMeter: JMeterHome=C:\Users\svasileva\Documents\GitHub\Jmeter-task\apache-jmeter-3.2\apache-jmeter-3.2
2018-05-14 17:39:37,522 INFO o.a.j.JMeter: user.dir  =C:\Users\svasileva\Documents\GitHub\Jmeter-task\apache-jmeter-3.2\apache-jmeter-3.2\bin
2018-05-14 17:39:37,523 INFO o.a.j.JMeter: PWD       =C:\Users\svasileva\Documents\GitHub\Jmeter-task\apache-jmeter-3.2\apache-jmeter-3.2\bin
2018-05-14 17:39:37,525 INFO o.a.j.JMeter: IP: 172.18.53.28 Name: EN719073 FullName: EN719073.endava.net
2018-05-14 17:39:38,094 INFO o.a.j.g.a.LookAndFeelCommand: Using look and feel: javax.swing.plaf.metal.MetalLookAndFeel [Metal, CrossPlatform]
2018-05-14 17:39:38,098 INFO o.a.j.JMeter: Loaded icon properties from org/apache/jmeter/images/icon.properties
2018-05-14 17:39:38,816 INFO o.a.j.e.u.CompoundVariable: Note: Function class names must contain the string: '.functions.'
2018-05-14 17:39:38,817 INFO o.a.j.e.u.CompoundVariable: Note: Function class names must not contain the string: '.gui.'
2018-05-14 17:39:40,267 INFO o.a.j.g.u.MenuFactory: Skipping org.apache.jmeter.assertions.BSFAssertion
2018-05-14 17:39:41,163 INFO o.a.j.g.u.MenuFactory: Skipping org.apache.jmeter.extractor.BSFPostProcessor
2018-05-14 17:39:41,232 INFO o.a.j.g.u.MenuFactory: Skipping org.apache.jmeter.modifiers.BSFPreProcessor
2018-05-14 17:39:41,310 INFO o.a.j.p.h.s.HTTPSamplerBase: Parser for text/html is org.apache.jmeter.protocol.http.parser.LagartoBasedHtmlParser
2018-05-14 17:39:41,310 INFO o.a.j.p.h.s.HTTPSamplerBase: Parser for application/xhtml+xml is org.apache.jmeter.protocol.http.parser.LagartoBasedHtmlParser
2018-05-14 17:39:41,310 INFO o.a.j.p.h.s.HTTPSamplerBase: Parser for application/xml is org.apache.jmeter.protocol.http.parser.LagartoBasedHtmlParser
2018-05-14 17:39:41,310 INFO o.a.j.p.h.s.HTTPSamplerBase: Parser for text/xml is org.apache.jmeter.protocol.http.parser.LagartoBasedHtmlParser
2018-05-14 17:39:41,310 INFO o.a.j.p.h.s.HTTPSamplerBase: Parser for text/vnd.wap.wml is org.apache.jmeter.protocol.http.parser.RegexpHTMLParser
2018-05-14 17:39:41,310 INFO o.a.j.p.h.s.HTTPSamplerBase: Parser for text/css is org.apache.jmeter.protocol.http.parser.CssParser
2018-05-14 17:39:42,686 INFO o.a.j.e.KeyToolUtils: keytool found at 'keytool'
2018-05-14 17:39:42,687 INFO o.a.j.p.h.p.ProxyControl: HTTP(S) Test Script Recorder SSL Proxy will use keys that support embedded 3rd party resources in file C:\Users\svasileva\Documents\GitHub\Jmeter-task\apache-jmeter-3.2\apache-jmeter-3.2\bin\proxyserver.jks
2018-05-14 17:39:43,194 INFO o.a.j.g.u.MenuFactory: Skipping org.apache.jmeter.protocol.java.sampler.BSFSampler
2018-05-14 17:39:43,383 INFO o.a.j.s.FileServer: Default base='C:\Users\svasileva\Documents\GitHub\Jmeter-task\apache-jmeter-3.2\apache-jmeter-3.2\bin'
2018-05-14 17:39:43,580 INFO o.a.j.g.u.MenuFactory: Skipping org.apache.jmeter.protocol.mongodb.config.MongoSourceElement
2018-05-14 17:39:43,580 INFO o.a.j.g.u.MenuFactory: Skipping org.apache.jmeter.protocol.mongodb.sampler.MongoScriptSampler
2018-05-14 17:39:44,148 INFO o.a.j.g.u.MenuFactory: Skipping org.apache.jmeter.timers.BSFTimer
2018-05-14 17:39:44,318 INFO o.a.j.g.u.MenuFactory: Skipping org.apache.jmeter.visualizers.BSFListener
2018-05-14 17:39:44,715 INFO o.a.j.s.SampleResult: Note: Sample TimeStamps are START times
2018-05-14 17:39:44,718 INFO o.a.j.s.SampleResult: sampleresult.default.encoding is set to ISO-8859-1
2018-05-14 17:39:44,718 INFO o.a.j.s.SampleResult: sampleresult.useNanoTime=true
2018-05-14 17:39:44,719 INFO o.a.j.s.SampleResult: sampleresult.nanoThreadSleep=5000
2018-05-14 17:42:37,432 INFO o.a.j.g.a.Load: Loading file: C:\Users\svasileva\Documents\_PassItOns\Jmeter\Test1.jmx
2018-05-14 17:42:37,432 INFO o.a.j.s.FileServer: Set new base='C:\Users\svasileva\Documents\_PassItOns\Jmeter'
2018-05-14 17:42:37,629 INFO o.a.j.s.SaveService: Testplan (JMX) version: 2.2. Testlog (JTL) version: 2.2
2018-05-14 17:42:37,654 INFO o.a.j.s.SaveService: Using SaveService properties version 3.2
2018-05-14 17:42:37,658 INFO o.a.j.s.SaveService: Using SaveService properties file encoding UTF-8
2018-05-14 17:42:37,661 INFO o.a.j.s.SaveService: Loading file: C:\Users\svasileva\Documents\_PassItOns\Jmeter\Test1.jmx
2018-05-14 17:42:37,902 INFO o.a.j.s.FileServer: Set new base='C:\Users\svasileva\Documents\_PassItOns\Jmeter'
2018-05-14 17:59:59,065 INFO o.a.j.g.a.Load: Loading file: C:\Users\svasileva\Documents\GitHub\Jmeter-task\Test1.jmx
2018-05-14 17:59:59,065 INFO o.a.j.s.FileServer: Set new base='C:\Users\svasileva\Documents\GitHub\Jmeter-task'
2018-05-14 17:59:59,065 INFO o.a.j.s.SaveService: Loading file: C:\Users\svasileva\Documents\GitHub\Jmeter-task\Test1.jmx
2018-05-14 17:59:59,114 INFO o.a.j.s.FileServer: Set new base='C:\Users\svasileva\Documents\GitHub\Jmeter-task'
2018-05-14 18:00:03,008 INFO o.a.j.e.StandardJMeterEngine: Running the test!
2018-05-14 18:00:03,008 INFO o.a.j.s.SampleEvent: List of sample_variables: []
2018-05-14 18:00:03,008 INFO o.a.j.s.SampleEvent: List of sample_variables: []
2018-05-14 18:00:03,028 INFO o.a.j.g.u.JMeterMenuBar: setRunning(true, *local*)
2018-05-14 18:00:03,110 INFO o.a.j.e.StandardJMeterEngine: Starting ThreadGroup: 1 : Users
2018-05-14 18:00:03,110 INFO o.a.j.e.StandardJMeterEngine: Starting 1 threads for group Users.
2018-05-14 18:00:03,110 INFO o.a.j.e.StandardJMeterEngine: Thread will continue on error
2018-05-14 18:00:03,110 INFO o.a.j.t.ThreadGroup: Starting thread group... number=1 threads=1 ramp-up=1 perThread=1000.0 delayedStart=false
2018-05-14 18:00:03,130 INFO o.a.j.t.ThreadGroup: Started thread group number 1
2018-05-14 18:00:03,130 INFO o.a.j.e.StandardJMeterEngine: All thread groups have been started
2018-05-14 18:00:03,132 INFO o.a.j.t.JMeterThread: Thread started: Users 1-1
2018-05-14 18:00:03,132 INFO o.a.j.p.h.s.HTTPJavaImpl: Maximum connection retries = 0
2018-05-14 18:00:03,132 INFO o.a.j.u.JsseSSLManager: Using default SSL protocol: TLS
2018-05-14 18:00:03,132 INFO o.a.j.u.JsseSSLManager: SSL session context: per-thread
2018-05-14 18:00:03,236 INFO o.a.j.u.SSLManager: JmeterKeyStore Location:  type JKS
2018-05-14 18:00:03,241 INFO o.a.j.u.SSLManager: KeyStore created OK
2018-05-14 18:00:03,241 WARN o.a.j.u.SSLManager: Keystore file not found, loading empty keystore
2018-05-14 18:00:03,888 INFO o.a.j.p.h.s.HTTPHCAbstractImpl: Local host = EN719073
2018-05-14 18:00:03,891 INFO o.a.j.p.h.s.HTTPHC4Impl: HTTP request retry count = 0
2018-05-14 18:00:04,057 INFO o.a.j.t.JMeterThread: Thread is done: Users 1-1
2018-05-14 18:00:04,058 INFO o.a.j.t.JMeterThread: Thread finished: Users 1-1
2018-05-14 18:00:04,059 INFO o.a.j.e.StandardJMeterEngine: Notifying test listeners of end of test
2018-05-14 18:00:04,082 INFO o.a.j.g.u.JMeterMenuBar: setRunning(false, *local*)
